filename .\contracts_re.txt
mv wdnna
vt re
lr 0.01
dropout 0.2
vec_length 100
epochs 10
batch_size 64
.\contracts_re.txt
config/train_data/contracts_re_fragment_vectors.pkl
Epoch 1/10
1/5 ━━━━━━━━━━━━━━━━━━━━ 3s 854ms/step - accuracy: 0.5312 - loss: 0.7052
5/5 ━━━━━━━━━━━━━━━━━━━━ 1s 11ms/step - accuracy: 0.5282 - loss: 3.1390
Epoch 2/10
1/5 ━━━━━━━━━━━━━━━━━━━━ 0s 35ms/step - accuracy: 0.7188 - loss: 1.2375
5/5 ━━━━━━━━━━━━━━━━━━━━ 0s 11ms/step - accuracy: 0.7071 - loss: 1.3701
Epoch 3/10
1/5 ━━━━━━━━━━━━━━━━━━━━ 0s 38ms/step - accuracy: 0.6562 - loss: 1.3759
5/5 ━━━━━━━━━━━━━━━━━━━━ 0s 11ms/step - accuracy: 0.7430 - loss: 0.9562
Epoch 4/10
1/5 ━━━━━━━━━━━━━━━━━━━━ 0s 33ms/step - accuracy: 0.7969 - loss: 0.5297
5/5 ━━━━━━━━━━━━━━━━━━━━ 0s 10ms/step - accuracy: 0.8043 - loss: 0.5078
Epoch 5/10
1/5 ━━━━━━━━━━━━━━━━━━━━ 0s 38ms/step - accuracy: 0.8750 - loss: 0.3442
5/5 ━━━━━━━━━━━━━━━━━━━━ 0s 11ms/step - accuracy: 0.8586 - loss: 0.3857
Epoch 6/10
1/5 ━━━━━━━━━━━━━━━━━━━━ 0s 34ms/step - accuracy: 0.9062 - loss: 0.2794
5/5 ━━━━━━━━━━━━━━━━━━━━ 0s 11ms/step - accuracy: 0.8895 - loss: 0.2888
Epoch 7/10
1/5 ━━━━━━━━━━━━━━━━━━━━ 0s 36ms/step - accuracy: 0.9688 - loss: 0.1962
5/5 ━━━━━━━━━━━━━━━━━━━━ 0s 10ms/step - accuracy: 0.9327 - loss: 0.2508
Epoch 8/10
1/5 ━━━━━━━━━━━━━━━━━━━━ 0s 38ms/step - accuracy: 0.9375 - loss: 0.1581
5/5 ━━━━━━━━━━━━━━━━━━━━ 0s 11ms/step - accuracy: 0.9362 - loss: 0.2130
Epoch 9/10
1/5 ━━━━━━━━━━━━━━━━━━━━ 0s 35ms/step - accuracy: 0.9688 - loss: 0.1803
5/5 ━━━━━━━━━━━━━━━━━━━━ 0s 11ms/step - accuracy: 0.9572 - loss: 0.1652
Epoch 10/10
1/5 ━━━━━━━━━━━━━━━━━━━━ 0s 39ms/step - accuracy: 0.9688 - loss: 0.1127
5/5 ━━━━━━━━━━━━━━━━━━━━ 0s 10ms/step - accuracy: 0.9501 - loss: 0.1450
Accuracy:  0.8607594966888428
False positive rate(FP):  0.2
False negative rate(FN):  0.07692307692307693
Recall:  0.9230769230769231
Precision:  0.8181818181818182
F1 score:  0.8674698795180724